ARM GAS  C:\Users\dgitau\AppData\Local\Temp\cclCK6ey.s 			page 1


   1              		.syntax unified
   2              		.cpu cortex-m3
   3              		.fpu softvfp
   4              		.eabi_attribute 20, 1
   5              		.eabi_attribute 21, 1
   6              		.eabi_attribute 23, 3
   7              		.eabi_attribute 24, 1
   8              		.eabi_attribute 25, 1
   9              		.eabi_attribute 26, 1
  10              		.eabi_attribute 30, 1
  11              		.eabi_attribute 34, 1
  12              		.eabi_attribute 18, 4
  13              		.thumb
  14              		.syntax unified
  15              		.file	"cymetadata.c"
  16              		.text
  17              	.Ltext0:
  18              		.cfi_sections	.debug_frame
  19              		.global	cy_metadata
  20              		.global	cy_meta_flashprotect
  21              		.global	cy_meta_wonvl
  22              		.global	cy_meta_custnvl
  23              		.global	cy_meta_configecc
  24              		.section	.cyconfigecc,"a",%progbits
  25              		.align	2
  26              		.type	cy_meta_configecc, %object
  27              		.size	cy_meta_configecc, 528
  28              	cy_meta_configecc:
  29 0000 02       		.byte	2
  30 0001 52       		.byte	82
  31 0002 00       		.byte	0
  32 0003 40       		.byte	64
  33 0004 01       		.byte	1
  34 0005 64       		.byte	100
  35 0006 00       		.byte	0
  36 0007 40       		.byte	64
  37 0008 01       		.byte	1
  38 0009 65       		.byte	101
  39 000a 00       		.byte	0
  40 000b 40       		.byte	64
  41 000c 4B       		.byte	75
  42 000d 02       		.byte	2
  43 000e 01       		.byte	1
  44 000f 40       		.byte	64
  45 0010 2A       		.byte	42
  46 0011 03       		.byte	3
  47 0012 01       		.byte	1
  48 0013 40       		.byte	64
  49 0014 01       		.byte	1
  50 0015 0D       		.byte	13
  51 0016 01       		.byte	1
  52 0017 40       		.byte	64
  53 0018 2A       		.byte	42
  54 0019 14       		.byte	20
  55 001a 01       		.byte	1
  56 001b 40       		.byte	64
  57 001c 1C       		.byte	28
ARM GAS  C:\Users\dgitau\AppData\Local\Temp\cclCK6ey.s 			page 2


  58 001d 15       		.byte	21
  59 001e 01       		.byte	1
  60 001f 40       		.byte	64
  61 0020 02       		.byte	2
  62 0021 40       		.byte	64
  63 0022 01       		.byte	1
  64 0023 40       		.byte	64
  65 0024 05       		.byte	5
  66 0025 41       		.byte	65
  67 0026 01       		.byte	1
  68 0027 40       		.byte	64
  69 0028 02       		.byte	2
  70 0029 44       		.byte	68
  71 002a 01       		.byte	1
  72 002b 40       		.byte	64
  73 002c 02       		.byte	2
  74 002d 45       		.byte	69
  75 002e 01       		.byte	1
  76 002f 40       		.byte	64
  77 0030 03       		.byte	3
  78 0031 49       		.byte	73
  79 0032 01       		.byte	1
  80 0033 40       		.byte	64
  81 0034 04       		.byte	4
  82 0035 50       		.byte	80
  83 0036 01       		.byte	1
  84 0037 40       		.byte	64
  85 0038 01       		.byte	1
  86 0039 51       		.byte	81
  87 003a 01       		.byte	1
  88 003b 40       		.byte	64
  89 003c 19       		.byte	25
  90 003d 40       		.byte	64
  91 003e 30       		.byte	48
  92 003f 08       		.byte	8
  93 0040 83       		.byte	-125
  94 0041 0F       		.byte	15
  95 0042 85       		.byte	-123
  96 0043 0D       		.byte	13
  97 0044 40       		.byte	64
  98 0045 45       		.byte	69
  99 0046 42       		.byte	66
 100 0047 06       		.byte	6
 101 0048 49       		.byte	73
 102 0049 FF       		.byte	-1
 103 004a 4A       		.byte	74
 104 004b FF       		.byte	-1
 105 004c 4B       		.byte	75
 106 004d FF       		.byte	-1
 107 004e 4F       		.byte	79
 108 004f 01       		.byte	1
 109 0050 50       		.byte	80
 110 0051 18       		.byte	24
 111 0052 5A       		.byte	90
 112 0053 04       		.byte	4
 113 0054 5F       		.byte	95
 114 0055 01       		.byte	1
ARM GAS  C:\Users\dgitau\AppData\Local\Temp\cclCK6ey.s 			page 3


 115 0056 60       		.byte	96
 116 0057 40       		.byte	64
 117 0058 62       		.byte	98
 118 0059 40       		.byte	64
 119 005a 64       		.byte	100
 120 005b 40       		.byte	64
 121 005c 65       		.byte	101
 122 005d 40       		.byte	64
 123 005e 66       		.byte	102
 124 005f 80       		.byte	-128
 125 0060 68       		.byte	104
 126 0061 80       		.byte	-128
 127 0062 6A       		.byte	106
 128 0063 80       		.byte	-128
 129 0064 6C       		.byte	108
 130 0065 80       		.byte	-128
 131 0066 6E       		.byte	110
 132 0067 80       		.byte	-128
 133 0068 80       		.byte	-128
 134 0069 01       		.byte	1
 135 006a 88       		.byte	-120
 136 006b 0C       		.byte	12
 137 006c 89       		.byte	-119
 138 006d 30       		.byte	48
 139 006e 8B       		.byte	-117
 140 006f C3       		.byte	-61
 141 0070 8D       		.byte	-115
 142 0071 55       		.byte	85
 143 0072 8E       		.byte	-114
 144 0073 20       		.byte	32
 145 0074 8F       		.byte	-113
 146 0075 A0       		.byte	-96
 147 0076 92       		.byte	-110
 148 0077 21       		.byte	33
 149 0078 94       		.byte	-108
 150 0079 04       		.byte	4
 151 007a 95       		.byte	-107
 152 007b 30       		.byte	48
 153 007c 96       		.byte	-106
 154 007d 08       		.byte	8
 155 007e 97       		.byte	-105
 156 007f C9       		.byte	-55
 157 0080 98       		.byte	-104
 158 0081 10       		.byte	16
 159 0082 A0       		.byte	-96
 160 0083 0C       		.byte	12
 161 0084 A5       		.byte	-91
 162 0085 50       		.byte	80
 163 0086 A6       		.byte	-90
 164 0087 03       		.byte	3
 165 0088 A7       		.byte	-89
 166 0089 AE       		.byte	-82
 167 008a A8       		.byte	-88
 168 008b 04       		.byte	4
 169 008c AA       		.byte	-86
 170 008d 08       		.byte	8
 171 008e AB       		.byte	-85
ARM GAS  C:\Users\dgitau\AppData\Local\Temp\cclCK6ey.s 			page 4


 172 008f FF       		.byte	-1
 173 0090 B0       		.byte	-80
 174 0091 02       		.byte	2
 175 0092 B2       		.byte	-78
 176 0093 1C       		.byte	28
 177 0094 B3       		.byte	-77
 178 0095 0F       		.byte	15
 179 0096 B4       		.byte	-76
 180 0097 01       		.byte	1
 181 0098 B5       		.byte	-75
 182 0099 F0       		.byte	-16
 183 009a B6       		.byte	-74
 184 009b 20       		.byte	32
 185 009c BA       		.byte	-70
 186 009d 0C       		.byte	12
 187 009e BB       		.byte	-69
 188 009f 08       		.byte	8
 189 00a0 BE       		.byte	-66
 190 00a1 50       		.byte	80
 191 00a2 C0       		.byte	-64
 192 00a3 54       		.byte	84
 193 00a4 C2       		.byte	-62
 194 00a5 02       		.byte	2
 195 00a6 C5       		.byte	-59
 196 00a7 EC       		.byte	-20
 197 00a8 C7       		.byte	-57
 198 00a9 20       		.byte	32
 199 00aa C8       		.byte	-56
 200 00ab 23       		.byte	35
 201 00ac C9       		.byte	-55
 202 00ad FF       		.byte	-1
 203 00ae CA       		.byte	-54
 204 00af FF       		.byte	-1
 205 00b0 CB       		.byte	-53
 206 00b1 FF       		.byte	-1
 207 00b2 CD       		.byte	-51
 208 00b3 83       		.byte	-125
 209 00b4 CE       		.byte	-50
 210 00b5 03       		.byte	3
 211 00b6 CF       		.byte	-49
 212 00b7 01       		.byte	1
 213 00b8 D0       		.byte	-48
 214 00b9 18       		.byte	24
 215 00ba D2       		.byte	-46
 216 00bb 83       		.byte	-125
 217 00bc D4       		.byte	-44
 218 00bd 03       		.byte	3
 219 00be D8       		.byte	-40
 220 00bf 04       		.byte	4
 221 00c0 D9       		.byte	-39
 222 00c1 04       		.byte	4
 223 00c2 DA       		.byte	-38
 224 00c3 04       		.byte	4
 225 00c4 DB       		.byte	-37
 226 00c5 04       		.byte	4
 227 00c6 DF       		.byte	-33
 228 00c7 01       		.byte	1
ARM GAS  C:\Users\dgitau\AppData\Local\Temp\cclCK6ey.s 			page 5


 229 00c8 E0       		.byte	-32
 230 00c9 40       		.byte	64
 231 00ca E2       		.byte	-30
 232 00cb 40       		.byte	64
 233 00cc E4       		.byte	-28
 234 00cd 40       		.byte	64
 235 00ce E5       		.byte	-27
 236 00cf 40       		.byte	64
 237 00d0 E6       		.byte	-26
 238 00d1 80       		.byte	-128
 239 00d2 E8       		.byte	-24
 240 00d3 80       		.byte	-128
 241 00d4 EA       		.byte	-22
 242 00d5 80       		.byte	-128
 243 00d6 EC       		.byte	-20
 244 00d7 80       		.byte	-128
 245 00d8 EE       		.byte	-18
 246 00d9 80       		.byte	-128
 247 00da 01       		.byte	1
 248 00db 02       		.byte	2
 249 00dc 02       		.byte	2
 250 00dd 02       		.byte	2
 251 00de 03       		.byte	3
 252 00df 08       		.byte	8
 253 00e0 09       		.byte	9
 254 00e1 08       		.byte	8
 255 00e2 0A       		.byte	10
 256 00e3 44       		.byte	68
 257 00e4 10       		.byte	16
 258 00e5 08       		.byte	8
 259 00e6 13       		.byte	19
 260 00e7 0A       		.byte	10
 261 00e8 19       		.byte	25
 262 00e9 5A       		.byte	90
 263 00ea 1A       		.byte	26
 264 00eb 04       		.byte	4
 265 00ec 1B       		.byte	27
 266 00ed 18       		.byte	24
 267 00ee 21       		.byte	33
 268 00ef 08       		.byte	8
 269 00f0 22       		.byte	34
 270 00f1 10       		.byte	16
 271 00f2 29       		.byte	41
 272 00f3 18       		.byte	24
 273 00f4 31       		.byte	49
 274 00f5 08       		.byte	8
 275 00f6 39       		.byte	57
 276 00f7 50       		.byte	80
 277 00f8 41       		.byte	65
 278 00f9 01       		.byte	1
 279 00fa 42       		.byte	66
 280 00fb 04       		.byte	4
 281 00fc 46       		.byte	70
 282 00fd 80       		.byte	-128
 283 00fe 49       		.byte	73
 284 00ff 05       		.byte	5
 285 0100 4B       		.byte	75
ARM GAS  C:\Users\dgitau\AppData\Local\Temp\cclCK6ey.s 			page 6


 286 0101 40       		.byte	64
 287 0102 4E       		.byte	78
 288 0103 02       		.byte	2
 289 0104 4F       		.byte	79
 290 0105 20       		.byte	32
 291 0106 51       		.byte	81
 292 0107 01       		.byte	1
 293 0108 52       		.byte	82
 294 0109 02       		.byte	2
 295 010a 59       		.byte	89
 296 010b 45       		.byte	69
 297 010c 5A       		.byte	90
 298 010d 20       		.byte	32
 299 010e 68       		.byte	104
 300 010f 08       		.byte	8
 301 0110 69       		.byte	105
 302 0111 50       		.byte	80
 303 0112 6B       		.byte	107
 304 0113 02       		.byte	2
 305 0114 72       		.byte	114
 306 0115 C0       		.byte	-64
 307 0116 73       		.byte	115
 308 0117 40       		.byte	64
 309 0118 87       		.byte	-121
 310 0119 08       		.byte	8
 311 011a C0       		.byte	-64
 312 011b 0B       		.byte	11
 313 011c C2       		.byte	-62
 314 011d 0E       		.byte	14
 315 011e C4       		.byte	-60
 316 011f 0E       		.byte	14
 317 0120 CA       		.byte	-54
 318 0121 06       		.byte	6
 319 0122 CC       		.byte	-52
 320 0123 02       		.byte	2
 321 0124 CE       		.byte	-50
 322 0125 0C       		.byte	12
 323 0126 D0       		.byte	-48
 324 0127 85       		.byte	-123
 325 0128 D2       		.byte	-46
 326 0129 38       		.byte	56
 327 012a D6       		.byte	-42
 328 012b 0F       		.byte	15
 329 012c E0       		.byte	-32
 330 012d 08       		.byte	8
 331 012e E0       		.byte	-32
 332 012f 08       		.byte	8
 333 0130 8B       		.byte	-117
 334 0131 01       		.byte	1
 335 0132 92       		.byte	-110
 336 0133 05       		.byte	5
 337 0134 9E       		.byte	-98
 338 0135 04       		.byte	4
 339 0136 A6       		.byte	-90
 340 0137 09       		.byte	9
 341 0138 A9       		.byte	-87
 342 0139 01       		.byte	1
ARM GAS  C:\Users\dgitau\AppData\Local\Temp\cclCK6ey.s 			page 7


 343 013a AE       		.byte	-82
 344 013b 02       		.byte	2
 345 013c B0       		.byte	-80
 346 013d 02       		.byte	2
 347 013e B1       		.byte	-79
 348 013f 01       		.byte	1
 349 0140 B2       		.byte	-78
 350 0141 08       		.byte	8
 351 0142 B4       		.byte	-76
 352 0143 04       		.byte	4
 353 0144 B6       		.byte	-74
 354 0145 01       		.byte	1
 355 0146 BE       		.byte	-66
 356 0147 10       		.byte	16
 357 0148 C0       		.byte	-64
 358 0149 50       		.byte	80
 359 014a C1       		.byte	-63
 360 014b 04       		.byte	4
 361 014c C5       		.byte	-59
 362 014d D0       		.byte	-48
 363 014e C6       		.byte	-58
 364 014f 10       		.byte	16
 365 0150 C7       		.byte	-57
 366 0151 20       		.byte	32
 367 0152 C8       		.byte	-56
 368 0153 2A       		.byte	42
 369 0154 C9       		.byte	-55
 370 0155 FF       		.byte	-1
 371 0156 CA       		.byte	-54
 372 0157 FF       		.byte	-1
 373 0158 CB       		.byte	-53
 374 0159 FF       		.byte	-1
 375 015a CD       		.byte	-51
 376 015b A0       		.byte	-96
 377 015c CF       		.byte	-49
 378 015d 04       		.byte	4
 379 015e D0       		.byte	-48
 380 015f 18       		.byte	24
 381 0160 D2       		.byte	-46
 382 0161 80       		.byte	-128
 383 0162 D4       		.byte	-44
 384 0163 05       		.byte	5
 385 0164 D8       		.byte	-40
 386 0165 04       		.byte	4
 387 0166 D9       		.byte	-39
 388 0167 04       		.byte	4
 389 0168 DA       		.byte	-38
 390 0169 04       		.byte	4
 391 016a DB       		.byte	-37
 392 016b 04       		.byte	4
 393 016c DC       		.byte	-36
 394 016d 11       		.byte	17
 395 016e DD       		.byte	-35
 396 016f 11       		.byte	17
 397 0170 DF       		.byte	-33
 398 0171 01       		.byte	1
 399 0172 E0       		.byte	-32
ARM GAS  C:\Users\dgitau\AppData\Local\Temp\cclCK6ey.s 			page 8


 400 0173 40       		.byte	64
 401 0174 E2       		.byte	-30
 402 0175 C0       		.byte	-64
 403 0176 E4       		.byte	-28
 404 0177 40       		.byte	64
 405 0178 E5       		.byte	-27
 406 0179 40       		.byte	64
 407 017a E6       		.byte	-26
 408 017b C0       		.byte	-64
 409 017c E8       		.byte	-24
 410 017d C0       		.byte	-64
 411 017e EA       		.byte	-22
 412 017f C0       		.byte	-64
 413 0180 EC       		.byte	-20
 414 0181 C0       		.byte	-64
 415 0182 EE       		.byte	-18
 416 0183 C0       		.byte	-64
 417 0184 0E       		.byte	14
 418 0185 80       		.byte	-128
 419 0186 0F       		.byte	15
 420 0187 42       		.byte	66
 421 0188 16       		.byte	22
 422 0189 20       		.byte	32
 423 018a 17       		.byte	23
 424 018b 40       		.byte	64
 425 018c 1C       		.byte	28
 426 018d 01       		.byte	1
 427 018e 1E       		.byte	30
 428 018f 88       		.byte	-120
 429 0190 1F       		.byte	31
 430 0191 08       		.byte	8
 431 0192 24       		.byte	36
 432 0193 40       		.byte	64
 433 0194 2F       		.byte	47
 434 0195 08       		.byte	8
 435 0196 3E       		.byte	62
 436 0197 20       		.byte	32
 437 0198 45       		.byte	69
 438 0199 02       		.byte	2
 439 019a 4F       		.byte	79
 440 019b 41       		.byte	65
 441 019c 55       		.byte	85
 442 019d 02       		.byte	2
 443 019e 56       		.byte	86
 444 019f 20       		.byte	32
 445 01a0 57       		.byte	87
 446 01a1 01       		.byte	1
 447 01a2 5C       		.byte	92
 448 01a3 40       		.byte	64
 449 01a4 5E       		.byte	94
 450 01a5 08       		.byte	8
 451 01a6 5F       		.byte	95
 452 01a7 01       		.byte	1
 453 01a8 77       		.byte	119
 454 01a9 40       		.byte	64
 455 01aa 8C       		.byte	-116
 456 01ab 01       		.byte	1
ARM GAS  C:\Users\dgitau\AppData\Local\Temp\cclCK6ey.s 			page 9


 457 01ac C2       		.byte	-62
 458 01ad 90       		.byte	-112
 459 01ae C4       		.byte	-60
 460 01af A0       		.byte	-96
 461 01b0 CA       		.byte	-54
 462 01b1 20       		.byte	32
 463 01b2 CE       		.byte	-50
 464 01b3 20       		.byte	32
 465 01b4 D0       		.byte	-48
 466 01b5 80       		.byte	-128
 467 01b6 D2       		.byte	-46
 468 01b7 10       		.byte	16
 469 01b8 D6       		.byte	-42
 470 01b9 D0       		.byte	-48
 471 01ba E6       		.byte	-26
 472 01bb 10       		.byte	16
 473 01bc 31       		.byte	49
 474 01bd 20       		.byte	32
 475 01be CC       		.byte	-52
 476 01bf 10       		.byte	16
 477 01c0 09       		.byte	9
 478 01c1 20       		.byte	32
 479 01c2 85       		.byte	-123
 480 01c3 20       		.byte	32
 481 01c4 A5       		.byte	-91
 482 01c5 20       		.byte	32
 483 01c6 C2       		.byte	-62
 484 01c7 40       		.byte	64
 485 01c8 E0       		.byte	-32
 486 01c9 10       		.byte	16
 487 01ca 56       		.byte	86
 488 01cb 20       		.byte	32
 489 01cc D4       		.byte	-44
 490 01cd 02       		.byte	2
 491 01ce 86       		.byte	-122
 492 01cf 20       		.byte	32
 493 01d0 9E       		.byte	-98
 494 01d1 20       		.byte	32
 495 01d2 62       		.byte	98
 496 01d3 04       		.byte	4
 497 01d4 8E       		.byte	-114
 498 01d5 04       		.byte	4
 499 01d6 D8       		.byte	-40
 500 01d7 40       		.byte	64
 501 01d8 00       		.byte	0
 502 01d9 01       		.byte	1
 503 01da 08       		.byte	8
 504 01db 01       		.byte	1
 505 01dc 10       		.byte	16
 506 01dd 02       		.byte	2
 507 01de 1A       		.byte	26
 508 01df 02       		.byte	2
 509 01e0 00       		.byte	0
 510 01e1 03       		.byte	3
 511 01e2 00       		.byte	0
 512 01e3 00       		.byte	0
 513 01e4 40       		.byte	64
ARM GAS  C:\Users\dgitau\AppData\Local\Temp\cclCK6ey.s 			page 10


 514 01e5 00       		.byte	0
 515 01e6 00       		.byte	0
 516 01e7 40       		.byte	64
 517 01e8 00       		.byte	0
 518 01e9 00       		.byte	0
 519 01ea 00       		.byte	0
 520 01eb 00       		.byte	0
 521 01ec 00       		.byte	0
 522 01ed 00       		.byte	0
 523 01ee 00       		.byte	0
 524 01ef 00       		.byte	0
 525 01f0 00       		.byte	0
 526 01f1 0B       		.byte	11
 527 01f2 0B       		.byte	11
 528 01f3 00       		.byte	0
 529 01f4 00       		.byte	0
 530 01f5 00       		.byte	0
 531 01f6 00       		.byte	0
 532 01f7 00       		.byte	0
 533 01f8 00       		.byte	0
 534 01f9 7F       		.byte	127
 535 01fa 7F       		.byte	127
 536 01fb 00       		.byte	0
 537 01fc 00       		.byte	0
 538 01fd 00       		.byte	0
 539 01fe 00       		.byte	0
 540 01ff 00       		.byte	0
 541 0200 00       		.byte	0
 542 0201 40       		.byte	64
 543 0202 40       		.byte	64
 544 0203 00       		.byte	0
 545 0204 40       		.byte	64
 546 0205 00       		.byte	0
 547 0206 00       		.byte	0
 548 0207 00       		.byte	0
 549 0208 00       		.byte	0
 550 0209 08       		.byte	8
 551 020a 08       		.byte	8
 552 020b 00       		.byte	0
 553 020c 08       		.byte	8
 554 020d 00       		.byte	0
 555 020e 00       		.byte	0
 556 020f 00       		.byte	0
 557              		.section	.cywolatch,"a",%progbits
 558              		.align	2
 559              		.type	cy_meta_wonvl, %object
 560              		.size	cy_meta_wonvl, 4
 561              	cy_meta_wonvl:
 562 0000 BC       		.byte	-68
 563 0001 90       		.byte	-112
 564 0002 AC       		.byte	-84
 565 0003 AF       		.byte	-81
 566              		.section	.cycustnvl,"a",%progbits
 567              		.align	2
 568              		.type	cy_meta_custnvl, %object
 569              		.size	cy_meta_custnvl, 4
 570              	cy_meta_custnvl:
ARM GAS  C:\Users\dgitau\AppData\Local\Temp\cclCK6ey.s 			page 11


 571 0000 00       		.byte	0
 572 0001 00       		.byte	0
 573 0002 40       		.byte	64
 574 0003 05       		.byte	5
 575              		.section	.cymeta,"a",%progbits
 576              		.align	2
 577              		.type	cy_metadata, %object
 578              		.size	cy_metadata, 12
 579              	cy_metadata:
 580 0000 00       		.byte	0
 581 0001 01       		.byte	1
 582 0002 2E       		.byte	46
 583 0003 12       		.byte	18
 584 0004 30       		.byte	48
 585 0005 69       		.byte	105
 586 0006 00       		.byte	0
 587 0007 01       		.byte	1
 588 0008 00       		.byte	0
 589 0009 00       		.byte	0
 590 000a 00       		.byte	0
 591 000b 00       		.byte	0
 592              		.section	.cyflashprotect,"a",%progbits
 593              		.align	2
 594              		.type	cy_meta_flashprotect, %object
 595              		.size	cy_meta_flashprotect, 256
 596              	cy_meta_flashprotect:
 597 0000 00000000 		.space	256
 597      00000000 
 597      00000000 
 597      00000000 
 597      00000000 
 598              		.text
 599              	.Letext0:
 600              		.file 1 "c:\\program files (x86)\\cypress\\psoc creator\\4.1\\psoc creator\\import\\gnu\\arm\\5.4.
 601              		.file 2 "c:\\program files (x86)\\cypress\\psoc creator\\4.1\\psoc creator\\import\\gnu\\arm\\5.4.
 602              		.file 3 "Generated_Source\\PSoC5\\cymetadata.c"
 603              		.section	.debug_info,"",%progbits
 604              	.Ldebug_info0:
 605 0000 31010000 		.4byte	0x131
 606 0004 0400     		.2byte	0x4
 607 0006 00000000 		.4byte	.Ldebug_abbrev0
 608 000a 04       		.byte	0x4
 609 000b 01       		.uleb128 0x1
 610 000c 24000000 		.4byte	.LASF17
 611 0010 0C       		.byte	0xc
 612 0011 BA010000 		.4byte	.LASF18
 613 0015 25010000 		.4byte	.LASF19
 614 0019 00000000 		.4byte	.Ldebug_line0
 615 001d 02       		.uleb128 0x2
 616 001e 01       		.byte	0x1
 617 001f 06       		.byte	0x6
 618 0020 AE010000 		.4byte	.LASF0
 619 0024 03       		.uleb128 0x3
 620 0025 00000000 		.4byte	.LASF9
 621 0029 01       		.byte	0x1
 622 002a 1D       		.byte	0x1d
 623 002b 2F000000 		.4byte	0x2f
ARM GAS  C:\Users\dgitau\AppData\Local\Temp\cclCK6ey.s 			page 12


 624 002f 02       		.uleb128 0x2
 625 0030 01       		.byte	0x1
 626 0031 08       		.byte	0x8
 627 0032 16000000 		.4byte	.LASF1
 628 0036 02       		.uleb128 0x2
 629 0037 02       		.byte	0x2
 630 0038 05       		.byte	0x5
 631 0039 9B010000 		.4byte	.LASF2
 632 003d 02       		.uleb128 0x2
 633 003e 02       		.byte	0x2
 634 003f 07       		.byte	0x7
 635 0040 C4000000 		.4byte	.LASF3
 636 0044 02       		.uleb128 0x2
 637 0045 04       		.byte	0x4
 638 0046 05       		.byte	0x5
 639 0047 A5010000 		.4byte	.LASF4
 640 004b 02       		.uleb128 0x2
 641 004c 04       		.byte	0x4
 642 004d 07       		.byte	0x7
 643 004e B2000000 		.4byte	.LASF5
 644 0052 02       		.uleb128 0x2
 645 0053 08       		.byte	0x8
 646 0054 05       		.byte	0x5
 647 0055 8D010000 		.4byte	.LASF6
 648 0059 02       		.uleb128 0x2
 649 005a 08       		.byte	0x8
 650 005b 07       		.byte	0x7
 651 005c 06010000 		.4byte	.LASF7
 652 0060 04       		.uleb128 0x4
 653 0061 04       		.byte	0x4
 654 0062 05       		.byte	0x5
 655 0063 696E7400 		.ascii	"int\000"
 656 0067 02       		.uleb128 0x2
 657 0068 04       		.byte	0x4
 658 0069 07       		.byte	0x7
 659 006a F9000000 		.4byte	.LASF8
 660 006e 03       		.uleb128 0x3
 661 006f 1D010000 		.4byte	.LASF10
 662 0073 02       		.byte	0x2
 663 0074 18       		.byte	0x18
 664 0075 24000000 		.4byte	0x24
 665 0079 05       		.uleb128 0x5
 666 007a 91000000 		.4byte	0x91
 667 007e 8A000000 		.4byte	0x8a
 668 0082 06       		.uleb128 0x6
 669 0083 8A000000 		.4byte	0x8a
 670 0087 0F02     		.2byte	0x20f
 671 0089 00       		.byte	0
 672 008a 02       		.uleb128 0x2
 673 008b 04       		.byte	0x4
 674 008c 07       		.byte	0x7
 675 008d 84010000 		.4byte	.LASF11
 676 0091 07       		.uleb128 0x7
 677 0092 6E000000 		.4byte	0x6e
 678 0096 08       		.uleb128 0x8
 679 0097 E7000000 		.4byte	.LASF12
 680 009b 03       		.byte	0x3
ARM GAS  C:\Users\dgitau\AppData\Local\Temp\cclCK6ey.s 			page 13


 681 009c 1F       		.byte	0x1f
 682 009d A7000000 		.4byte	0xa7
 683 00a1 05       		.uleb128 0x5
 684 00a2 03       		.byte	0x3
 685 00a3 00000000 		.4byte	cy_meta_configecc
 686 00a7 07       		.uleb128 0x7
 687 00a8 79000000 		.4byte	0x79
 688 00ac 05       		.uleb128 0x5
 689 00ad 91000000 		.4byte	0x91
 690 00b1 BC000000 		.4byte	0xbc
 691 00b5 09       		.uleb128 0x9
 692 00b6 8A000000 		.4byte	0x8a
 693 00ba 03       		.byte	0x3
 694 00bb 00       		.byte	0
 695 00bc 08       		.uleb128 0x8
 696 00bd D7000000 		.4byte	.LASF13
 697 00c1 03       		.byte	0x3
 698 00c2 6E       		.byte	0x6e
 699 00c3 CD000000 		.4byte	0xcd
 700 00c7 05       		.uleb128 0x5
 701 00c8 03       		.byte	0x3
 702 00c9 00000000 		.4byte	cy_meta_custnvl
 703 00cd 07       		.uleb128 0x7
 704 00ce AC000000 		.4byte	0xac
 705 00d2 08       		.uleb128 0x8
 706 00d3 76010000 		.4byte	.LASF14
 707 00d7 03       		.byte	0x3
 708 00d8 7C       		.byte	0x7c
 709 00d9 E3000000 		.4byte	0xe3
 710 00dd 05       		.uleb128 0x5
 711 00de 03       		.byte	0x3
 712 00df 00000000 		.4byte	cy_meta_wonvl
 713 00e3 07       		.uleb128 0x7
 714 00e4 AC000000 		.4byte	0xac
 715 00e8 05       		.uleb128 0x5
 716 00e9 91000000 		.4byte	0x91
 717 00ed F8000000 		.4byte	0xf8
 718 00f1 09       		.uleb128 0x9
 719 00f2 8A000000 		.4byte	0x8a
 720 00f6 FF       		.byte	0xff
 721 00f7 00       		.byte	0
 722 00f8 08       		.uleb128 0x8
 723 00f9 61010000 		.4byte	.LASF15
 724 00fd 03       		.byte	0x3
 725 00fe 8A       		.byte	0x8a
 726 00ff 09010000 		.4byte	0x109
 727 0103 05       		.uleb128 0x5
 728 0104 03       		.byte	0x3
 729 0105 00000000 		.4byte	cy_meta_flashprotect
 730 0109 07       		.uleb128 0x7
 731 010a E8000000 		.4byte	0xe8
 732 010e 05       		.uleb128 0x5
 733 010f 91000000 		.4byte	0x91
 734 0113 1E010000 		.4byte	0x11e
 735 0117 09       		.uleb128 0x9
 736 0118 8A000000 		.4byte	0x8a
 737 011c 0B       		.byte	0xb
ARM GAS  C:\Users\dgitau\AppData\Local\Temp\cclCK6ey.s 			page 14


 738 011d 00       		.byte	0
 739 011e 08       		.uleb128 0x8
 740 011f 0A000000 		.4byte	.LASF16
 741 0123 03       		.byte	0x3
 742 0124 B7       		.byte	0xb7
 743 0125 2F010000 		.4byte	0x12f
 744 0129 05       		.uleb128 0x5
 745 012a 03       		.byte	0x3
 746 012b 00000000 		.4byte	cy_metadata
 747 012f 07       		.uleb128 0x7
 748 0130 0E010000 		.4byte	0x10e
 749 0134 00       		.byte	0
 750              		.section	.debug_abbrev,"",%progbits
 751              	.Ldebug_abbrev0:
 752 0000 01       		.uleb128 0x1
 753 0001 11       		.uleb128 0x11
 754 0002 01       		.byte	0x1
 755 0003 25       		.uleb128 0x25
 756 0004 0E       		.uleb128 0xe
 757 0005 13       		.uleb128 0x13
 758 0006 0B       		.uleb128 0xb
 759 0007 03       		.uleb128 0x3
 760 0008 0E       		.uleb128 0xe
 761 0009 1B       		.uleb128 0x1b
 762 000a 0E       		.uleb128 0xe
 763 000b 10       		.uleb128 0x10
 764 000c 17       		.uleb128 0x17
 765 000d 00       		.byte	0
 766 000e 00       		.byte	0
 767 000f 02       		.uleb128 0x2
 768 0010 24       		.uleb128 0x24
 769 0011 00       		.byte	0
 770 0012 0B       		.uleb128 0xb
 771 0013 0B       		.uleb128 0xb
 772 0014 3E       		.uleb128 0x3e
 773 0015 0B       		.uleb128 0xb
 774 0016 03       		.uleb128 0x3
 775 0017 0E       		.uleb128 0xe
 776 0018 00       		.byte	0
 777 0019 00       		.byte	0
 778 001a 03       		.uleb128 0x3
 779 001b 16       		.uleb128 0x16
 780 001c 00       		.byte	0
 781 001d 03       		.uleb128 0x3
 782 001e 0E       		.uleb128 0xe
 783 001f 3A       		.uleb128 0x3a
 784 0020 0B       		.uleb128 0xb
 785 0021 3B       		.uleb128 0x3b
 786 0022 0B       		.uleb128 0xb
 787 0023 49       		.uleb128 0x49
 788 0024 13       		.uleb128 0x13
 789 0025 00       		.byte	0
 790 0026 00       		.byte	0
 791 0027 04       		.uleb128 0x4
 792 0028 24       		.uleb128 0x24
 793 0029 00       		.byte	0
 794 002a 0B       		.uleb128 0xb
ARM GAS  C:\Users\dgitau\AppData\Local\Temp\cclCK6ey.s 			page 15


 795 002b 0B       		.uleb128 0xb
 796 002c 3E       		.uleb128 0x3e
 797 002d 0B       		.uleb128 0xb
 798 002e 03       		.uleb128 0x3
 799 002f 08       		.uleb128 0x8
 800 0030 00       		.byte	0
 801 0031 00       		.byte	0
 802 0032 05       		.uleb128 0x5
 803 0033 01       		.uleb128 0x1
 804 0034 01       		.byte	0x1
 805 0035 49       		.uleb128 0x49
 806 0036 13       		.uleb128 0x13
 807 0037 01       		.uleb128 0x1
 808 0038 13       		.uleb128 0x13
 809 0039 00       		.byte	0
 810 003a 00       		.byte	0
 811 003b 06       		.uleb128 0x6
 812 003c 21       		.uleb128 0x21
 813 003d 00       		.byte	0
 814 003e 49       		.uleb128 0x49
 815 003f 13       		.uleb128 0x13
 816 0040 2F       		.uleb128 0x2f
 817 0041 05       		.uleb128 0x5
 818 0042 00       		.byte	0
 819 0043 00       		.byte	0
 820 0044 07       		.uleb128 0x7
 821 0045 26       		.uleb128 0x26
 822 0046 00       		.byte	0
 823 0047 49       		.uleb128 0x49
 824 0048 13       		.uleb128 0x13
 825 0049 00       		.byte	0
 826 004a 00       		.byte	0
 827 004b 08       		.uleb128 0x8
 828 004c 34       		.uleb128 0x34
 829 004d 00       		.byte	0
 830 004e 03       		.uleb128 0x3
 831 004f 0E       		.uleb128 0xe
 832 0050 3A       		.uleb128 0x3a
 833 0051 0B       		.uleb128 0xb
 834 0052 3B       		.uleb128 0x3b
 835 0053 0B       		.uleb128 0xb
 836 0054 49       		.uleb128 0x49
 837 0055 13       		.uleb128 0x13
 838 0056 3F       		.uleb128 0x3f
 839 0057 19       		.uleb128 0x19
 840 0058 02       		.uleb128 0x2
 841 0059 18       		.uleb128 0x18
 842 005a 00       		.byte	0
 843 005b 00       		.byte	0
 844 005c 09       		.uleb128 0x9
 845 005d 21       		.uleb128 0x21
 846 005e 00       		.byte	0
 847 005f 49       		.uleb128 0x49
 848 0060 13       		.uleb128 0x13
 849 0061 2F       		.uleb128 0x2f
 850 0062 0B       		.uleb128 0xb
 851 0063 00       		.byte	0
ARM GAS  C:\Users\dgitau\AppData\Local\Temp\cclCK6ey.s 			page 16


 852 0064 00       		.byte	0
 853 0065 00       		.byte	0
 854              		.section	.debug_aranges,"",%progbits
 855 0000 14000000 		.4byte	0x14
 856 0004 0200     		.2byte	0x2
 857 0006 00000000 		.4byte	.Ldebug_info0
 858 000a 04       		.byte	0x4
 859 000b 00       		.byte	0
 860 000c 0000     		.2byte	0
 861 000e 0000     		.2byte	0
 862 0010 00000000 		.4byte	0
 863 0014 00000000 		.4byte	0
 864              		.section	.debug_line,"",%progbits
 865              	.Ldebug_line0:
 866 0000 3D010000 		.section	.debug_str,"MS",%progbits,1
 866      02003701 
 866      00000201 
 866      FB0E0D00 
 866      01010101 
 867              	.LASF9:
 868 0000 5F5F7569 		.ascii	"__uint8_t\000"
 868      6E74385F 
 868      7400
 869              	.LASF16:
 870 000a 63795F6D 		.ascii	"cy_metadata\000"
 870      65746164 
 870      61746100 
 871              	.LASF1:
 872 0016 756E7369 		.ascii	"unsigned char\000"
 872      676E6564 
 872      20636861 
 872      7200
 873              	.LASF17:
 874 0024 474E5520 		.ascii	"GNU C11 5.4.1 20160609 (release) [ARM/embedded-5-br"
 874      43313120 
 874      352E342E 
 874      31203230 
 874      31363036 
 875 0057 616E6368 		.ascii	"anch revision 237715] -mcpu=cortex-m3 -mthumb -g -O"
 875      20726576 
 875      6973696F 
 875      6E203233 
 875      37373135 
 876 008a 67202D66 		.ascii	"g -ffunction-sections -ffat-lto-objects\000"
 876      66756E63 
 876      74696F6E 
 876      2D736563 
 876      74696F6E 
 877              	.LASF5:
 878 00b2 6C6F6E67 		.ascii	"long unsigned int\000"
 878      20756E73 
 878      69676E65 
 878      6420696E 
 878      7400
 879              	.LASF3:
 880 00c4 73686F72 		.ascii	"short unsigned int\000"
 880      7420756E 
ARM GAS  C:\Users\dgitau\AppData\Local\Temp\cclCK6ey.s 			page 17


 880      7369676E 
 880      65642069 
 880      6E7400
 881              	.LASF13:
 882 00d7 63795F6D 		.ascii	"cy_meta_custnvl\000"
 882      6574615F 
 882      63757374 
 882      6E766C00 
 883              	.LASF12:
 884 00e7 63795F6D 		.ascii	"cy_meta_configecc\000"
 884      6574615F 
 884      636F6E66 
 884      69676563 
 884      6300
 885              	.LASF8:
 886 00f9 756E7369 		.ascii	"unsigned int\000"
 886      676E6564 
 886      20696E74 
 886      00
 887              	.LASF7:
 888 0106 6C6F6E67 		.ascii	"long long unsigned int\000"
 888      206C6F6E 
 888      6720756E 
 888      7369676E 
 888      65642069 
 889              	.LASF10:
 890 011d 75696E74 		.ascii	"uint8_t\000"
 890      385F7400 
 891              	.LASF19:
 892 0125 433A5C55 		.ascii	"C:\\Users\\dgitau\\PSoC Creator\\Workspace01\\Speed"
 892      73657273 
 892      5C646769 
 892      7461755C 
 892      50536F43 
 893 0153 436F6E74 		.ascii	"Control.cydsn\000"
 893      726F6C2E 
 893      63796473 
 893      6E00
 894              	.LASF15:
 895 0161 63795F6D 		.ascii	"cy_meta_flashprotect\000"
 895      6574615F 
 895      666C6173 
 895      6870726F 
 895      74656374 
 896              	.LASF14:
 897 0176 63795F6D 		.ascii	"cy_meta_wonvl\000"
 897      6574615F 
 897      776F6E76 
 897      6C00
 898              	.LASF11:
 899 0184 73697A65 		.ascii	"sizetype\000"
 899      74797065 
 899      00
 900              	.LASF6:
 901 018d 6C6F6E67 		.ascii	"long long int\000"
 901      206C6F6E 
 901      6720696E 
ARM GAS  C:\Users\dgitau\AppData\Local\Temp\cclCK6ey.s 			page 18


 901      7400
 902              	.LASF2:
 903 019b 73686F72 		.ascii	"short int\000"
 903      7420696E 
 903      7400
 904              	.LASF4:
 905 01a5 6C6F6E67 		.ascii	"long int\000"
 905      20696E74 
 905      00
 906              	.LASF0:
 907 01ae 7369676E 		.ascii	"signed char\000"
 907      65642063 
 907      68617200 
 908              	.LASF18:
 909 01ba 47656E65 		.ascii	"Generated_Source\\PSoC5\\cymetadata.c\000"
 909      72617465 
 909      645F536F 
 909      75726365 
 909      5C50536F 
 910              		.ident	"GCC: (GNU Tools for ARM Embedded Processors) 5.4.1 20160609 (release) [ARM/embedded-5-bran
