--------------- Clean Started: 04/06/2018 14:21:42 Project: SpeedControl, Configuration: ARM GCC 5.4-2016-q2-update Debug ---------------
Deleting file ".\CortexM3\ARM_GCC_541\Debug\main.o"
Deleting file ".\CortexM3\ARM_GCC_541\Debug\cyfitter_cfg.o"
Deleting file ".\CortexM3\ARM_GCC_541\Debug\cymetadata.o"
Deleting file ".\CortexM3\ARM_GCC_541\Debug\LCD.o"
Deleting file ".\CortexM3\ARM_GCC_541\Debug\LCD_PM.o"
Deleting file ".\CortexM3\ARM_GCC_541\Debug\LCD_LCDPort.o"
Deleting file ".\CortexM3\ARM_GCC_541\Debug\Cm3Start.o"
Deleting file ".\CortexM3\ARM_GCC_541\Debug\CyBootAsmGnu.o"
Deleting file ".\CortexM3\ARM_GCC_541\Debug\CyDmac.o"
Deleting file ".\CortexM3\ARM_GCC_541\Debug\CyFlash.o"
Deleting file ".\CortexM3\ARM_GCC_541\Debug\CyLib.o"
Deleting file ".\CortexM3\ARM_GCC_541\Debug\cyPm.o"
Deleting file ".\CortexM3\ARM_GCC_541\Debug\CySpc.o"
Deleting file ".\CortexM3\ARM_GCC_541\Debug\cyutils.o"
Deleting file ".\CortexM3\ARM_GCC_541\Debug\PWM.o"
Deleting file ".\CortexM3\ARM_GCC_541\Debug\PWM_PM.o"
Deleting file ".\CortexM3\ARM_GCC_541\Debug\Clock_1.o"
Deleting file ".\CortexM3\ARM_GCC_541\Debug\Timer.o"
Deleting file ".\CortexM3\ARM_GCC_541\Debug\Timer_PM.o"
Deleting file ".\CortexM3\ARM_GCC_541\Debug\MOSFET.o"
Deleting file ".\CortexM3\ARM_GCC_541\Debug\hall_effect_sensor.o"
Deleting file ".\CortexM3\ARM_GCC_541\Debug\Hall_Effect_LED.o"
Deleting file ".\CortexM3\ARM_GCC_541\Debug\Magnet_Interrupt.o"
Deleting file ".\CortexM3\ARM_GCC_541\Debug\Clock_2.o"
Deleting file ".\CortexM3\ARM_GCC_541\Debug\Pin_1.o"
Deleting file ".\CortexM3\ARM_GCC_541\Debug\PWM_Steering.o"
Deleting file ".\CortexM3\ARM_GCC_541\Debug\PWM_Steering_PM.o"
Deleting file ".\CortexM3\ARM_GCC_541\Debug\Clock_Steering.o"
Deleting file ".\CortexM3\ARM_GCC_541\Debug\MOSFET_Steering.o"
Deleting file ".\CortexM3\ARM_GCC_541\Debug\Composite_Sync_Counter.o"
Deleting file ".\CortexM3\ARM_GCC_541\Debug\Composite_Sync_Counter_PM.o"
Deleting file ".\CortexM3\ARM_GCC_541\Debug\from_comparator.o"
Deleting file ".\CortexM3\ARM_GCC_541\Debug\from_composite_sync_out.o"
Deleting file ".\CortexM3\ARM_GCC_541\Debug\Composite_Sync_Interrupt.o"
Deleting file ".\CortexM3\ARM_GCC_541\Debug\from_vertical_sync_out.o"
Deleting file ".\CortexM3\ARM_GCC_541\Debug\Comparator_Interrupt.o"
Deleting file ".\CortexM3\ARM_GCC_541\Debug\Timer_1.o"
Deleting file ".\CortexM3\ARM_GCC_541\Debug\Timer_1_PM.o"
Deleting file ".\CortexM3\ARM_GCC_541\Debug\Clock_6.o"
Deleting file ".\CortexM3\ARM_GCC_541\Debug\Pin_2.o"
Deleting file ".\CortexM3\ARM_GCC_541\Debug\Timer_2.o"
Deleting file ".\CortexM3\ARM_GCC_541\Debug\Timer_2_PM.o"
Deleting file ".\CortexM3\ARM_GCC_541\Debug\SpeedControl.hex"
Deleting file ".\CortexM3\ARM_GCC_541\Debug\SpeedControl.elf"
Deleting file ".\CortexM3\ARM_GCC_541\Debug\SpeedControl.map"
Deleting file ".\SpeedControl.cycdx"
Deleting file ".\SpeedControl.svd"
Deleting file ".\SpeedControl.rpt"
Deleting file ".\SpeedControl_timing.html"
Deleting file ".\CortexM3\ARM_GCC_541\Debug\.deps\SOURCE_C__ARM_GCC_GENERIC.P"
Deleting file ".\CortexM3\ARM_GCC_541\Debug\.deps\SOURCE_ASM__ARM_GCC_GENERIC.P"
--------------- Clean Succeeded: 04/06/2018 14:21:42 ---------------
