--------------- Rebuild Started: 03/01/2018 17:56:37 Project: SpeedControl, Configuration: ARM GCC 5.4-2016-q2-update Debug ---------------
Deleting file ".\CortexM3\ARM_GCC_541\Debug\main.o"
Deleting file ".\CortexM3\ARM_GCC_541\Debug\cyfitter_cfg.o"
Deleting file ".\CortexM3\ARM_GCC_541\Debug\cymetadata.o"
Deleting file ".\CortexM3\ARM_GCC_541\Debug\LCD.o"
Deleting file ".\CortexM3\ARM_GCC_541\Debug\LCD_PM.o"
Deleting file ".\CortexM3\ARM_GCC_541\Debug\LCD_LCDPort.o"
Deleting file ".\CortexM3\ARM_GCC_541\Debug\Cm3Start.o"
Deleting file ".\CortexM3\ARM_GCC_541\Debug\CyBootAsmGnu.o"
Deleting file ".\CortexM3\ARM_GCC_541\Debug\CyDmac.o"
Deleting file ".\CortexM3\ARM_GCC_541\Debug\CyFlash.o"
Deleting file ".\CortexM3\ARM_GCC_541\Debug\CyLib.o"
Deleting file ".\CortexM3\ARM_GCC_541\Debug\cyPm.o"
Deleting file ".\CortexM3\ARM_GCC_541\Debug\CySpc.o"
Deleting file ".\CortexM3\ARM_GCC_541\Debug\cyutils.o"
Deleting file ".\CortexM3\ARM_GCC_541\Debug\PWM.o"
Deleting file ".\CortexM3\ARM_GCC_541\Debug\PWM_PM.o"
Deleting file ".\CortexM3\ARM_GCC_541\Debug\Clock_1.o"
Deleting file ".\CortexM3\ARM_GCC_541\Debug\Timer.o"
Deleting file ".\CortexM3\ARM_GCC_541\Debug\Timer_PM.o"
Deleting file ".\CortexM3\ARM_GCC_541\Debug\Counter_Interrupt.o"
Deleting file ".\CortexM3\ARM_GCC_541\Debug\Timer_Reset.o"
Deleting file ".\CortexM3\ARM_GCC_541\Debug\MOSFET.o"
Deleting file ".\CortexM3\ARM_GCC_541\Debug\hall_effect_sensor.o"
Deleting file ".\CortexM3\ARM_GCC_541\Debug\Hall_Effect_LED.o"
Deleting file ".\CortexM3\ARM_GCC_541\Debug\SpeedControl.hex"
Deleting file ".\CortexM3\ARM_GCC_541\Debug\SpeedControl.elf"
Deleting file ".\CortexM3\ARM_GCC_541\Debug\SpeedControl.map"
Deleting file ".\SpeedControl.rpt"
Deleting file ".\SpeedControl_timing.html"
Deleting file ".\CortexM3\ARM_GCC_541\Debug\.deps\SOURCE_C__ARM_GCC_GENERIC.P"
Deleting file ".\CortexM3\ARM_GCC_541\Debug\.deps\SOURCE_ASM__ARM_GCC_GENERIC.P"
cydsfit.exe -.appdatapath "C:\Users\dgitau\AppData\Local\Cypress Semiconductor\PSoC Creator\4.1" -.fdsnotice -.fdswarpdepfile=warp_dependencies.txt -.fdselabdepfile=elab_dependencies.txt -.fdsbldfile=generated_files.txt -.fdsreffile=referenced_files.txt -p "C:\Users\dgitau\PSoC Creator\Workspace01\SpeedControl.cydsn\SpeedControl.cyprj" -d CY8C5868AXI-LP035 -s "C:\Users\dgitau\PSoC Creator\Workspace01\SpeedControl.cydsn\Generated_Source\PSoC5" -- -yv2 -q10 -ygs -o2 -v3 -.fftcfgtype=LE
Elaborating Design...
ADD: sdb.M0025: error: No input on Instance "Timer", terminal "reset".
 * C:\Users\dgitau\PSoC Creator\Workspace01\SpeedControl.cydsn\TopDesign\TopDesign.cysch (Signal: Net_51)
 * C:\Users\dgitau\PSoC Creator\Workspace01\SpeedControl.cydsn\TopDesign\TopDesign.cysch (Shape_18.7)
ADD: sdb.M0050: error: Terminal "reset" requires connection when it is visible.
 * C:\Users\dgitau\PSoC Creator\Workspace01\SpeedControl.cydsn\TopDesign\TopDesign.cysch (Signal: Net_51)
 * C:\Users\dgitau\PSoC Creator\Workspace01\SpeedControl.cydsn\TopDesign\TopDesign.cysch (Shape_18.7)
Error: fit.M0050: The fitter aborted due to errors, please address all errors and rebuild. (App=cydsfit)
--------------- Rebuild Failed: 03/01/2018 17:56:39 ---------------
